[2026-01-21 00:10:27] [FD:5] [RECV] LOGIN  dat1phit  123  
[2026-01-21 00:10:28] [FD:5] [RECV] SHOW_FILMS  
[2026-01-21 00:10:30] [FD:5] [RECV] SHOW_CINEMA_BY_FILM  4  
[2026-01-21 00:10:31] [FD:5] [RECV] SHOW_TIME_BY_FILM_CINEMA  4  2  
[2026-01-21 00:10:33] [FD:5] [RECV] SHOW_SEATS  8  
[2026-01-21 00:12:40] [FD:5] [RECV] LOGIN  dat1phit  123  
[2026-01-21 00:12:41] [FD:5] [RECV] SHOW_FILMS  
[2026-01-21 00:12:42] [FD:5] [RECV] SHOW_CINEMA_BY_FILM  1  
[2026-01-21 00:12:44] [FD:5] [RECV] SHOW_TIME_BY_FILM_CINEMA  1  1  
[2026-01-21 00:12:46] [FD:5] [RECV] SHOW_SEATS  1  
[2026-01-21 00:12:47] [FD:5] [RECV] BOOK_TICKET  1  11  
[2026-01-21 00:12:49] [FD:5] [RECV] SHOW_CATEGORIES  
[2026-01-21 00:12:49] [FD:5] [RECV] SHOW_CINEMAS  
[2026-01-21 00:12:52] [FD:5] [RECV] BROWSE_CATEGORY  4  
[2026-01-21 00:12:53] [FD:5] [RECV] BROWSE_CINEMA  1  
[2026-01-21 00:12:56] [FD:5] [RECV] SEARCH_FILM_BY_TITLE  G  
[2026-01-21 00:12:57] [FD:5] [RECV] VIEW_TICKETS  dat1phit  
[2026-01-21 00:12:58] [FD:5] [RECV] VIEW_TICKET_DETAIL  24  
[2026-01-21 00:13:00] [FD:5] [RECV] LOGOUT  
[2026-01-21 00:13:09] [FD:5] [RECV] LOGIN  admin  admin123  
[2026-01-21 00:13:10] [FD:5] [RECV] SHOW_CATEGORIES  
[2026-01-21 00:13:15] [FD:5] [RECV] ADD_FILM  sffs  3  12  
[2026-01-21 00:13:17] [FD:5] [RECV] SHOW_FILMS  
[2026-01-21 00:13:18] [FD:5] [RECV] SHOW_CINEMAS  
[2026-01-21 00:13:19] [FD:5] [RECV] SHOW_ROOMS_BY_CINEMA  2  
[2026-01-21 00:13:20] [FD:5] [RECV] SHOW_SHOWTIMES_BY_ROOM  3  
[2026-01-21 00:13:23] [FD:5] [RECV] ADD_SHOWTIME  2  2  3  2027-01-22 00:13:17  
[2026-01-21 00:13:26] [FD:5] [RECV] ADD_SHOWTIME  2  2  3  2027-01-22 00:13:17  
[2026-01-21 00:13:29] [FD:5] [RECV] ADD_SHOWTIME  2  2  3  2027-01-22 00:13:17  
[2026-01-21 00:13:33] [FD:5] [RECV] SHOW_CATEGORIES  
[2026-01-21 00:13:33] [FD:5] [RECV] SHOW_CINEMAS  
[2026-01-21 00:13:35] [FD:5] [RECV] BROWSE_CINEMA  2  
[2026-01-21 00:13:40] [FD:5] [RECV] BROWSE_CATEGORY  1  
[2026-01-21 00:14:04] [FD:5] [RECV] LOGIN  dat1phit  123  
[2026-01-21 00:14:06] [FD:5] [RECV] SHOW_FILMS  
[2026-01-21 00:14:09] [FD:5] [RECV] SHOW_CINEMA_BY_FILM  4  
[2026-01-21 00:14:11] [FD:5] [RECV] SHOW_TIME_BY_FILM_CINEMA  4  2  
[2026-01-21 00:14:12] [FD:5] [RECV] SHOW_SEATS  8  
[2026-01-21 00:23:23] [FD:6] [RECV] LOGIN  admin  admin123  
[2026-01-21 00:23:24] [FD:6] [RECV] SHOW_FILMS  
[2026-01-21 00:23:26] [FD:6] [RECV] SHOW_CINEMAS  
[2026-01-21 00:23:26] [FD:6] [RECV] SHOW_ROOMS_BY_CINEMA  1  
[2026-01-21 00:23:28] [FD:6] [RECV] SHOW_SHOWTIMES_BY_ROOM  2  
[2026-01-21 00:23:30] [FD:6] [RECV] ADD_SHOWTIME  2  1  2  2026-01-22 00:23:24  
[2026-01-21 00:23:36] [FD:6] [RECV] ADD_SHOWTIME  2  1  2  2026-01-21 00:23:24  
[2026-01-21 00:23:43] [FD:6] [RECV] ADD_SHOWTIME  2  1  2  2026-01-23 00:23:24  
[2026-01-21 00:23:47] [FD:6] [RECV] ADD_SHOWTIME  2  1  2  2026-01-23 00:23:24  
[2026-01-21 00:24:10] [FD:6] [RECV] ADD_SHOWTIME  2  1  2  2026-01-25 00:23:25  
[2026-01-21 00:24:22] [FD:6] [RECV] SHOW_FILMS  
[2026-01-21 00:24:22] [FD:6] [RECV] SHOW_CINEMAS  
[2026-01-21 00:29:36] [FD:5] [RECV] LOGIN  admin  admin123  
[2026-01-21 00:29:38] [FD:5] [RECV] SHOW_FILMS  
[2026-01-21 00:29:39] [FD:5] [RECV] SHOW_CINEMAS  
[2026-01-21 00:29:40] [FD:5] [RECV] SHOW_ROOMS_BY_CINEMA  1  
[2026-01-21 00:29:41] [FD:5] [RECV] SHOW_SHOWTIMES_BY_ROOM  1  
[2026-01-21 00:29:43] [FD:5] [RECV] ADD_SHOWTIME  2  1  1  2026-01-22 00:29:38  
[2026-01-21 00:29:49] [FD:5] [RECV] SHOW_CINEMAS  
[2026-01-21 00:29:50] [FD:5] [RECV] SHOW_ROOMS_BY_CINEMA  3  
[2026-01-21 00:29:51] [FD:5] [RECV] SHOW_SHOWTIMES_BY_ROOM  5  
[2026-01-21 00:29:54] [FD:5] [RECV] ADD_SHOWTIME  1  3  5  2027-01-22 00:29:38  
[2026-01-21 00:30:10] [FD:5] [RECV] SHOW_FILMS  
[2026-01-21 00:30:11] [FD:5] [RECV] SHOW_CINEMAS  
[2026-01-21 00:30:19] [FD:5] [RECV] SHOW_CINEMAS  
[2026-01-21 00:30:20] [FD:5] [RECV] SHOW_ROOMS_BY_CINEMA  1  
[2026-01-21 00:30:22] [FD:5] [RECV] SHOW_SHOWTIMES_BY_ROOM  1  
[2026-01-21 00:30:27] [FD:5] [RECV] ADD_SHOWTIME  5  1  1  2027-01-22 00:29:38  
[2026-01-21 00:31:44] [FD:6] [RECV] LOGIN  admin  admin123  
[2026-01-21 00:31:48] [FD:6] [RECV] SHOW_FILMS  
[2026-01-21 00:31:49] [FD:6] [RECV] SHOW_CINEMAS  
[2026-01-21 00:31:50] [FD:6] [RECV] SHOW_ROOMS_BY_CINEMA  1  
[2026-01-21 00:31:52] [FD:6] [RECV] SHOW_SHOWTIMES_BY_ROOM  2  
[2026-01-21 00:31:55] [FD:6] [RECV] ADD_SHOWTIME  2  1  2  2026-01-22 00:31:48  
[2026-01-21 00:32:01] [FD:6] [RECV] SHOW_SHOWTIMES_BY_ROOM  1  
[2026-01-21 00:32:03] [FD:6] [RECV] ADD_SHOWTIME  2  1  1  2026-01-22 00:31:48  
[2026-01-21 00:32:05] [FD:6] [RECV] SHOW_CINEMAS  
[2026-01-21 00:32:07] [FD:6] [RECV] SHOW_ROOMS_BY_CINEMA  2  
[2026-01-21 00:32:08] [FD:6] [RECV] SHOW_SHOWTIMES_BY_ROOM  3  
[2026-01-21 00:32:10] [FD:6] [RECV] ADD_SHOWTIME  1  2  3  2026-01-22 00:31:48  
[2026-01-21 00:32:11] [FD:6] [RECV] SHOW_SHOWTIMES_BY_ROOM  3  
